INFO - 2024-11-18 04:07:30 --> Session: Class initialized using 'CodeIgniter\Session\Handlers\DatabaseHandler' driver.
INFO - 2024-11-18 04:07:31 --> Session: Class initialized using 'CodeIgniter\Session\Handlers\DatabaseHandler' driver.
INFO - 2024-11-18 04:07:31 --> CSRF token verified.
INFO - 2024-11-18 04:07:33 --> Session: Class initialized using 'CodeIgniter\Session\Handlers\DatabaseHandler' driver.
INFO - 2024-11-18 04:07:34 --> Session: Class initialized using 'CodeIgniter\Session\Handlers\DatabaseHandler' driver.
INFO - 2024-11-18 04:07:34 --> CSRF token verified.
INFO - 2024-11-18 04:07:36 --> Session: Class initialized using 'CodeIgniter\Session\Handlers\DatabaseHandler' driver.
INFO - 2024-11-18 04:07:38 --> Session: Class initialized using 'CodeIgniter\Session\Handlers\DatabaseHandler' driver.
INFO - 2024-11-18 04:07:45 --> Session: Class initialized using 'CodeIgniter\Session\Handlers\DatabaseHandler' driver.
INFO - 2024-11-18 04:07:45 --> CSRF token verified.
INFO - 2024-11-18 04:07:46 --> Session: Class initialized using 'CodeIgniter\Session\Handlers\DatabaseHandler' driver.
INFO - 2024-11-18 04:07:46 --> Session: Class initialized using 'CodeIgniter\Session\Handlers\DatabaseHandler' driver.
INFO - 2024-11-18 04:07:46 --> Session: Class initialized using 'CodeIgniter\Session\Handlers\DatabaseHandler' driver.
INFO - 2024-11-18 04:07:46 --> CSRF token verified.
INFO - 2024-11-18 04:07:52 --> Session: Class initialized using 'CodeIgniter\Session\Handlers\DatabaseHandler' driver.
INFO - 2024-11-18 04:07:52 --> CSRF token verified.
INFO - 2024-11-18 04:07:52 --> Session: Class initialized using 'CodeIgniter\Session\Handlers\DatabaseHandler' driver.
INFO - 2024-11-18 04:07:52 --> Session: Class initialized using 'CodeIgniter\Session\Handlers\DatabaseHandler' driver.
INFO - 2024-11-18 04:07:52 --> Session: Class initialized using 'CodeIgniter\Session\Handlers\DatabaseHandler' driver.
INFO - 2024-11-18 04:07:52 --> CSRF token verified.
INFO - 2024-11-18 04:07:58 --> Session: Class initialized using 'CodeIgniter\Session\Handlers\DatabaseHandler' driver.
INFO - 2024-11-18 04:07:58 --> CSRF token verified.
INFO - 2024-11-18 04:07:58 --> Session: Class initialized using 'CodeIgniter\Session\Handlers\DatabaseHandler' driver.
INFO - 2024-11-18 04:07:58 --> Session: Class initialized using 'CodeIgniter\Session\Handlers\DatabaseHandler' driver.
INFO - 2024-11-18 04:07:58 --> CSRF token verified.
INFO - 2024-11-18 04:07:58 --> Session: Class initialized using 'CodeIgniter\Session\Handlers\DatabaseHandler' driver.
INFO - 2024-11-18 04:08:02 --> Session: Class initialized using 'CodeIgniter\Session\Handlers\DatabaseHandler' driver.
INFO - 2024-11-18 04:08:04 --> Session: Class initialized using 'CodeIgniter\Session\Handlers\DatabaseHandler' driver.
INFO - 2024-11-18 04:08:04 --> CSRF token verified.
INFO - 2024-11-18 04:08:08 --> Session: Class initialized using 'CodeIgniter\Session\Handlers\DatabaseHandler' driver.
INFO - 2024-11-18 04:08:08 --> Session: Class initialized using 'CodeIgniter\Session\Handlers\DatabaseHandler' driver.
INFO - 2024-11-18 04:08:08 --> CSRF token verified.
INFO - 2024-11-18 04:08:12 --> Session: Class initialized using 'CodeIgniter\Session\Handlers\DatabaseHandler' driver.
INFO - 2024-11-18 04:08:12 --> CSRF token verified.
INFO - 2024-11-18 04:08:12 --> Session: Class initialized using 'CodeIgniter\Session\Handlers\DatabaseHandler' driver.
INFO - 2024-11-18 04:08:12 --> Session: Class initialized using 'CodeIgniter\Session\Handlers\DatabaseHandler' driver.
INFO - 2024-11-18 04:08:13 --> Session: Class initialized using 'CodeIgniter\Session\Handlers\DatabaseHandler' driver.
INFO - 2024-11-18 04:08:13 --> Session: Class initialized using 'CodeIgniter\Session\Handlers\DatabaseHandler' driver.
INFO - 2024-11-18 04:08:13 --> CSRF token verified.
INFO - 2024-11-18 04:08:16 --> Session: Class initialized using 'CodeIgniter\Session\Handlers\DatabaseHandler' driver.
INFO - 2024-11-18 04:08:16 --> CSRF token verified.
INFO - 2024-11-18 04:08:17 --> Session: Class initialized using 'CodeIgniter\Session\Handlers\DatabaseHandler' driver.
INFO - 2024-11-18 04:08:17 --> Session: Class initialized using 'CodeIgniter\Session\Handlers\DatabaseHandler' driver.
INFO - 2024-11-18 04:08:17 --> Session: Class initialized using 'CodeIgniter\Session\Handlers\DatabaseHandler' driver.
INFO - 2024-11-18 04:08:17 --> CSRF token verified.
INFO - 2024-11-18 04:08:20 --> Session: Class initialized using 'CodeIgniter\Session\Handlers\DatabaseHandler' driver.
INFO - 2024-11-18 04:08:20 --> Session: Class initialized using 'CodeIgniter\Session\Handlers\DatabaseHandler' driver.
INFO - 2024-11-18 04:08:20 --> Session: Class initialized using 'CodeIgniter\Session\Handlers\DatabaseHandler' driver.
INFO - 2024-11-18 04:08:20 --> CSRF token verified.
INFO - 2024-11-18 04:08:34 --> Session: Class initialized using 'CodeIgniter\Session\Handlers\DatabaseHandler' driver.
INFO - 2024-11-18 04:08:35 --> Session: Class initialized using 'CodeIgniter\Session\Handlers\DatabaseHandler' driver.
INFO - 2024-11-18 04:08:35 --> Session: Class initialized using 'CodeIgniter\Session\Handlers\DatabaseHandler' driver.
INFO - 2024-11-18 04:08:35 --> CSRF token verified.
INFO - 2024-11-18 04:08:39 --> Session: Class initialized using 'CodeIgniter\Session\Handlers\DatabaseHandler' driver.
INFO - 2024-11-18 04:08:39 --> CSRF token verified.
INFO - 2024-11-18 04:08:39 --> Session: Class initialized using 'CodeIgniter\Session\Handlers\DatabaseHandler' driver.
INFO - 2024-11-18 04:08:39 --> Session: Class initialized using 'CodeIgniter\Session\Handlers\DatabaseHandler' driver.
INFO - 2024-11-18 04:08:39 --> CSRF token verified.
INFO - 2024-11-18 04:08:43 --> Session: Class initialized using 'CodeIgniter\Session\Handlers\DatabaseHandler' driver.
INFO - 2024-11-18 04:08:44 --> Session: Class initialized using 'CodeIgniter\Session\Handlers\DatabaseHandler' driver.
INFO - 2024-11-18 04:08:44 --> CSRF token verified.
INFO - 2024-11-18 04:08:54 --> Session: Class initialized using 'CodeIgniter\Session\Handlers\DatabaseHandler' driver.
INFO - 2024-11-18 04:08:55 --> Session: Class initialized using 'CodeIgniter\Session\Handlers\DatabaseHandler' driver.
INFO - 2024-11-18 04:08:55 --> CSRF token verified.
ERROR - 2024-11-18 15:49:45 --> Error connecting to the database: mysqli_sql_exception: No connection could be made because the target machine actively refused it in C:\xampp\htdocs\modesy\system\Database\MySQLi\Connection.php:186
Stack trace:
#0 C:\xampp\htdocs\modesy\system\Database\MySQLi\Connection.php(186): mysqli->real_connect('localhost', 'root', Object(SensitiveParameterValue), 'modesy', 3306, '', 0)
#1 C:\xampp\htdocs\modesy\system\Database\BaseConnection.php(421): CodeIgniter\Database\MySQLi\Connection->connect(false)
#2 C:\xampp\htdocs\modesy\system\Session\Handlers\DatabaseHandler.php(100): CodeIgniter\Database\BaseConnection->initialize()
#3 [internal function]: CodeIgniter\Session\Handlers\DatabaseHandler->open('ci_sessions', 'mds_session')
#4 C:\xampp\htdocs\modesy\system\Session\Session.php(920): session_start()
#5 C:\xampp\htdocs\modesy\system\Session\Session.php(242): CodeIgniter\Session\Session->startSession()
#6 C:\xampp\htdocs\modesy\system\Config\Services.php(710): CodeIgniter\Session\Session->start()
#7 C:\xampp\htdocs\modesy\system\Config\BaseService.php(312): CodeIgniter\Config\Services::session(Object(Config\Session), false)
#8 C:\xampp\htdocs\modesy\system\Config\BaseService.php(251): CodeIgniter\Config\BaseService::__callStatic('session', Array)
#9 C:\xampp\htdocs\modesy\system\Config\Services.php(668): CodeIgniter\Config\BaseService::getSharedInstance('session', NULL)
#10 C:\xampp\htdocs\modesy\system\Config\BaseService.php(321): CodeIgniter\Config\Services::session()
#11 C:\xampp\htdocs\modesy\app\Config\Globals.php(32): CodeIgniter\Config\BaseService::__callStatic('session', Array)
#12 C:\xampp\htdocs\modesy\app\Config\Globals.php(245): Config\Globals::setGlobals()
#13 C:\xampp\htdocs\modesy\system\Autoloader\Autoloader.php(317): include_once('C:\\xampp\\htdocs...')
#14 C:\xampp\htdocs\modesy\system\Autoloader\Autoloader.php(296): CodeIgniter\Autoloader\Autoloader->includeFile('C:\\xampp\\htdocs...')
#15 C:\xampp\htdocs\modesy\system\Autoloader\Autoloader.php(272): CodeIgniter\Autoloader\Autoloader->loadInNamespace('Config\\Globals')
#16 C:\xampp\htdocs\modesy\app\Config\Routes.php(6): CodeIgniter\Autoloader\Autoloader->loadClass('Config\\Globals')
#17 C:\xampp\htdocs\modesy\system\Router\RouteCollection.php(340): require('C:\\xampp\\htdocs...')
#18 C:\xampp\htdocs\modesy\system\CodeIgniter.php(823): CodeIgniter\Router\RouteCollection->loadRoutes()
#19 C:\xampp\htdocs\modesy\system\CodeIgniter.php(457): CodeIgniter\CodeIgniter->tryToRouteIt(NULL)
#20 C:\xampp\htdocs\modesy\system\CodeIgniter.php(355): CodeIgniter\CodeIgniter->handleRequest(NULL, Object(Config\Cache), false)
#21 C:\xampp\htdocs\modesy\system\Boot.php(325): CodeIgniter\CodeIgniter->run()
#22 C:\xampp\htdocs\modesy\system\Boot.php(67): CodeIgniter\Boot::runCodeIgniter(Object(CodeIgniter\CodeIgniter))
#23 C:\xampp\htdocs\modesy\index.php(56): CodeIgniter\Boot::bootWeb(Object(Config\Paths))
#24 {main}

Next CodeIgniter\Database\Exceptions\DatabaseException: No connection could be made because the target machine actively refused it in C:\xampp\htdocs\modesy\system\Database\MySQLi\Connection.php:231
Stack trace:
#0 C:\xampp\htdocs\modesy\system\Database\BaseConnection.php(421): CodeIgniter\Database\MySQLi\Connection->connect(false)
#1 C:\xampp\htdocs\modesy\system\Session\Handlers\DatabaseHandler.php(100): CodeIgniter\Database\BaseConnection->initialize()
#2 [internal function]: CodeIgniter\Session\Handlers\DatabaseHandler->open('ci_sessions', 'mds_session')
#3 C:\xampp\htdocs\modesy\system\Session\Session.php(920): session_start()
#4 C:\xampp\htdocs\modesy\system\Session\Session.php(242): CodeIgniter\Session\Session->startSession()
#5 C:\xampp\htdocs\modesy\system\Config\Services.php(710): CodeIgniter\Session\Session->start()
#6 C:\xampp\htdocs\modesy\system\Config\BaseService.php(312): CodeIgniter\Config\Services::session(Object(Config\Session), false)
#7 C:\xampp\htdocs\modesy\system\Config\BaseService.php(251): CodeIgniter\Config\BaseService::__callStatic('session', Array)
#8 C:\xampp\htdocs\modesy\system\Config\Services.php(668): CodeIgniter\Config\BaseService::getSharedInstance('session', NULL)
#9 C:\xampp\htdocs\modesy\system\Config\BaseService.php(321): CodeIgniter\Config\Services::session()
#10 C:\xampp\htdocs\modesy\app\Config\Globals.php(32): CodeIgniter\Config\BaseService::__callStatic('session', Array)
#11 C:\xampp\htdocs\modesy\app\Config\Globals.php(245): Config\Globals::setGlobals()
#12 C:\xampp\htdocs\modesy\system\Autoloader\Autoloader.php(317): include_once('C:\\xampp\\htdocs...')
#13 C:\xampp\htdocs\modesy\system\Autoloader\Autoloader.php(296): CodeIgniter\Autoloader\Autoloader->includeFile('C:\\xampp\\htdocs...')
#14 C:\xampp\htdocs\modesy\system\Autoloader\Autoloader.php(272): CodeIgniter\Autoloader\Autoloader->loadInNamespace('Config\\Globals')
#15 C:\xampp\htdocs\modesy\app\Config\Routes.php(6): CodeIgniter\Autoloader\Autoloader->loadClass('Config\\Globals')
#16 C:\xampp\htdocs\modesy\system\Router\RouteCollection.php(340): require('C:\\xampp\\htdocs...')
#17 C:\xampp\htdocs\modesy\system\CodeIgniter.php(823): CodeIgniter\Router\RouteCollection->loadRoutes()
#18 C:\xampp\htdocs\modesy\system\CodeIgniter.php(457): CodeIgniter\CodeIgniter->tryToRouteIt(NULL)
#19 C:\xampp\htdocs\modesy\system\CodeIgniter.php(355): CodeIgniter\CodeIgniter->handleRequest(NULL, Object(Config\Cache), false)
#20 C:\xampp\htdocs\modesy\system\Boot.php(325): CodeIgniter\CodeIgniter->run()
#21 C:\xampp\htdocs\modesy\system\Boot.php(67): CodeIgniter\Boot::runCodeIgniter(Object(CodeIgniter\CodeIgniter))
#22 C:\xampp\htdocs\modesy\index.php(56): CodeIgniter\Boot::bootWeb(Object(Config\Paths))
#23 {main}
CRITICAL - 2024-11-18 15:49:45 --> CodeIgniter\Database\Exceptions\DatabaseException: Unable to connect to the database.
Main connection [MySQLi]: No connection could be made because the target machine actively refused it
[Method: GET, Route: /]
in SYSTEMPATH\Database\BaseConnection.php on line 467.
 1 SYSTEMPATH\Session\Handlers\DatabaseHandler.php(100): CodeIgniter\Database\BaseConnection->initialize()
 2 [internal function]: CodeIgniter\Session\Handlers\DatabaseHandler->open('ci_sessions', 'mds_session')
 3 SYSTEMPATH\Session\Session.php(920): session_start()
 4 SYSTEMPATH\Session\Session.php(242): CodeIgniter\Session\Session->startSession()
 5 SYSTEMPATH\Config\Services.php(710): CodeIgniter\Session\Session->start()
 6 SYSTEMPATH\Config\BaseService.php(312): CodeIgniter\Config\Services::session(Object(Config\Session), false)
 7 SYSTEMPATH\Config\BaseService.php(251): CodeIgniter\Config\BaseService::__callStatic('session', [...])
 8 SYSTEMPATH\Config\Services.php(668): CodeIgniter\Config\BaseService::getSharedInstance('session', null)
 9 SYSTEMPATH\Config\BaseService.php(321): CodeIgniter\Config\Services::session()
10 APPPATH\Config\Globals.php(32): CodeIgniter\Config\BaseService::__callStatic('session', [])
11 APPPATH\Config\Globals.php(245): Config\Globals::setGlobals()
12 SYSTEMPATH\Autoloader\Autoloader.php(317): include_once('C:\\xampp\\htdocs\\modesy\\app\\Config\\Globals.php')
13 SYSTEMPATH\Autoloader\Autoloader.php(296): CodeIgniter\Autoloader\Autoloader->includeFile('C:\\xampp\\htdocs\\modesy\\app\\Config\\Globals.php')
14 SYSTEMPATH\Autoloader\Autoloader.php(272): CodeIgniter\Autoloader\Autoloader->loadInNamespace('Config\\Globals')
15 APPPATH\Config\Routes.php(6): CodeIgniter\Autoloader\Autoloader->loadClass('Config\\Globals')
16 SYSTEMPATH\Router\RouteCollection.php(340): require('C:\\xampp\\htdocs\\modesy\\app\\Config\\Routes.php')
17 SYSTEMPATH\CodeIgniter.php(823): CodeIgniter\Router\RouteCollection->loadRoutes()
18 SYSTEMPATH\CodeIgniter.php(457): CodeIgniter\CodeIgniter->tryToRouteIt(null)
19 SYSTEMPATH\CodeIgniter.php(355): CodeIgniter\CodeIgniter->handleRequest(null, Object(Config\Cache), false)
20 SYSTEMPATH\Boot.php(325): CodeIgniter\CodeIgniter->run()
21 SYSTEMPATH\Boot.php(67): CodeIgniter\Boot::runCodeIgniter(Object(CodeIgniter\CodeIgniter))
22 FCPATH\index.php(56): CodeIgniter\Boot::bootWeb(Object(Config\Paths))
INFO - 2024-11-18 15:52:30 --> Session: Class initialized using 'CodeIgniter\Session\Handlers\DatabaseHandler' driver.
INFO - 2024-11-18 15:52:30 --> Session: Class initialized using 'CodeIgniter\Session\Handlers\DatabaseHandler' driver.
INFO - 2024-11-18 15:52:31 --> Session: Class initialized using 'CodeIgniter\Session\Handlers\DatabaseHandler' driver.
INFO - 2024-11-18 15:52:31 --> CSRF token verified.
INFO - 2024-11-18 15:52:32 --> Session: Class initialized using 'CodeIgniter\Session\Handlers\DatabaseHandler' driver.
INFO - 2024-11-18 15:52:32 --> CSRF token verified.
INFO - 2024-11-18 15:52:38 --> Session: Class initialized using 'CodeIgniter\Session\Handlers\DatabaseHandler' driver.
INFO - 2024-11-18 15:52:38 --> CSRF token verified.
INFO - 2024-11-18 15:52:39 --> Session: Class initialized using 'CodeIgniter\Session\Handlers\DatabaseHandler' driver.
INFO - 2024-11-18 15:52:39 --> Session: Class initialized using 'CodeIgniter\Session\Handlers\DatabaseHandler' driver.
INFO - 2024-11-18 15:52:39 --> Session: Class initialized using 'CodeIgniter\Session\Handlers\DatabaseHandler' driver.
INFO - 2024-11-18 15:52:39 --> CSRF token verified.
INFO - 2024-11-18 15:52:43 --> Session: Class initialized using 'CodeIgniter\Session\Handlers\DatabaseHandler' driver.
INFO - 2024-11-18 15:52:44 --> Session: Class initialized using 'CodeIgniter\Session\Handlers\DatabaseHandler' driver.
INFO - 2024-11-18 15:52:44 --> Session: Class initialized using 'CodeIgniter\Session\Handlers\DatabaseHandler' driver.
INFO - 2024-11-18 15:52:44 --> CSRF token verified.
INFO - 2024-11-18 15:52:47 --> Session: Class initialized using 'CodeIgniter\Session\Handlers\DatabaseHandler' driver.
INFO - 2024-11-18 15:52:47 --> Session: Class initialized using 'CodeIgniter\Session\Handlers\DatabaseHandler' driver.
INFO - 2024-11-18 15:52:47 --> Session: Class initialized using 'CodeIgniter\Session\Handlers\DatabaseHandler' driver.
INFO - 2024-11-18 15:52:47 --> CSRF token verified.
INFO - 2024-11-18 15:52:51 --> Session: Class initialized using 'CodeIgniter\Session\Handlers\DatabaseHandler' driver.
INFO - 2024-11-18 15:52:51 --> CSRF token verified.
INFO - 2024-11-18 15:52:51 --> Session: Class initialized using 'CodeIgniter\Session\Handlers\DatabaseHandler' driver.
INFO - 2024-11-18 15:52:52 --> Session: Class initialized using 'CodeIgniter\Session\Handlers\DatabaseHandler' driver.
INFO - 2024-11-18 15:52:52 --> CSRF token verified.
INFO - 2024-11-18 15:52:55 --> Session: Class initialized using 'CodeIgniter\Session\Handlers\DatabaseHandler' driver.
INFO - 2024-11-18 15:52:55 --> Session: Class initialized using 'CodeIgniter\Session\Handlers\DatabaseHandler' driver.
INFO - 2024-11-18 15:52:55 --> CSRF token verified.
INFO - 2024-11-18 15:52:58 --> Session: Class initialized using 'CodeIgniter\Session\Handlers\DatabaseHandler' driver.
INFO - 2024-11-18 15:52:58 --> Session: Class initialized using 'CodeIgniter\Session\Handlers\DatabaseHandler' driver.
INFO - 2024-11-18 15:52:58 --> CSRF token verified.
INFO - 2024-11-18 15:53:14 --> Session: Class initialized using 'CodeIgniter\Session\Handlers\DatabaseHandler' driver.
INFO - 2024-11-18 15:53:15 --> Session: Class initialized using 'CodeIgniter\Session\Handlers\DatabaseHandler' driver.
INFO - 2024-11-18 15:53:15 --> CSRF token verified.
INFO - 2024-11-18 15:53:18 --> Session: Class initialized using 'CodeIgniter\Session\Handlers\DatabaseHandler' driver.
INFO - 2024-11-18 15:53:18 --> Session: Class initialized using 'CodeIgniter\Session\Handlers\DatabaseHandler' driver.
INFO - 2024-11-18 15:53:18 --> CSRF token verified.
INFO - 2024-11-18 15:54:22 --> Session: Class initialized using 'CodeIgniter\Session\Handlers\DatabaseHandler' driver.
INFO - 2024-11-18 15:54:22 --> Session: Class initialized using 'CodeIgniter\Session\Handlers\DatabaseHandler' driver.
INFO - 2024-11-18 15:54:22 --> CSRF token verified.
INFO - 2024-11-18 15:56:14 --> Session: Class initialized using 'CodeIgniter\Session\Handlers\DatabaseHandler' driver.
INFO - 2024-11-18 15:56:55 --> Session: Class initialized using 'CodeIgniter\Session\Handlers\DatabaseHandler' driver.
INFO - 2024-11-18 15:56:55 --> Session: Class initialized using 'CodeIgniter\Session\Handlers\DatabaseHandler' driver.
INFO - 2024-11-18 15:56:55 --> CSRF token verified.
INFO - 2024-11-18 15:57:00 --> Session: Class initialized using 'CodeIgniter\Session\Handlers\DatabaseHandler' driver.
INFO - 2024-11-18 15:57:00 --> Session: Class initialized using 'CodeIgniter\Session\Handlers\DatabaseHandler' driver.
INFO - 2024-11-18 15:57:00 --> CSRF token verified.
INFO - 2024-11-18 16:13:32 --> Session: Class initialized using 'CodeIgniter\Session\Handlers\DatabaseHandler' driver.
INFO - 2024-11-18 16:13:32 --> Session: Class initialized using 'CodeIgniter\Session\Handlers\DatabaseHandler' driver.
INFO - 2024-11-18 16:13:32 --> CSRF token verified.
INFO - 2024-11-18 16:13:35 --> Session: Class initialized using 'CodeIgniter\Session\Handlers\DatabaseHandler' driver.
INFO - 2024-11-18 16:13:35 --> Session: Class initialized using 'CodeIgniter\Session\Handlers\DatabaseHandler' driver.
INFO - 2024-11-18 16:13:35 --> CSRF token verified.
INFO - 2024-11-18 16:13:45 --> Session: Class initialized using 'CodeIgniter\Session\Handlers\DatabaseHandler' driver.
INFO - 2024-11-18 16:13:45 --> CSRF token verified.
INFO - 2024-11-18 16:13:47 --> Session: Class initialized using 'CodeIgniter\Session\Handlers\DatabaseHandler' driver.
INFO - 2024-11-18 16:13:48 --> Session: Class initialized using 'CodeIgniter\Session\Handlers\DatabaseHandler' driver.
INFO - 2024-11-18 16:13:48 --> CSRF token verified.
INFO - 2024-11-18 16:13:51 --> Session: Class initialized using 'CodeIgniter\Session\Handlers\DatabaseHandler' driver.
INFO - 2024-11-18 16:13:51 --> Session: Class initialized using 'CodeIgniter\Session\Handlers\DatabaseHandler' driver.
INFO - 2024-11-18 16:13:51 --> CSRF token verified.
INFO - 2024-11-18 16:14:01 --> Session: Class initialized using 'CodeIgniter\Session\Handlers\DatabaseHandler' driver.
INFO - 2024-11-18 16:14:01 --> Session: Class initialized using 'CodeIgniter\Session\Handlers\DatabaseHandler' driver.
INFO - 2024-11-18 16:14:01 --> CSRF token verified.
INFO - 2024-11-18 16:14:13 --> Session: Class initialized using 'CodeIgniter\Session\Handlers\DatabaseHandler' driver.
INFO - 2024-11-18 16:14:14 --> Session: Class initialized using 'CodeIgniter\Session\Handlers\DatabaseHandler' driver.
INFO - 2024-11-18 16:14:14 --> CSRF token verified.
INFO - 2024-11-18 16:14:23 --> Session: Class initialized using 'CodeIgniter\Session\Handlers\DatabaseHandler' driver.
INFO - 2024-11-18 16:14:23 --> Session: Class initialized using 'CodeIgniter\Session\Handlers\DatabaseHandler' driver.
INFO - 2024-11-18 16:14:23 --> CSRF token verified.
INFO - 2024-11-18 16:14:38 --> Session: Class initialized using 'CodeIgniter\Session\Handlers\DatabaseHandler' driver.
INFO - 2024-11-18 16:14:38 --> Session: Class initialized using 'CodeIgniter\Session\Handlers\DatabaseHandler' driver.
INFO - 2024-11-18 16:14:38 --> CSRF token verified.
INFO - 2024-11-18 16:14:52 --> Session: Class initialized using 'CodeIgniter\Session\Handlers\DatabaseHandler' driver.
INFO - 2024-11-18 16:14:52 --> CSRF token verified.
INFO - 2024-11-18 16:14:52 --> Session: Class initialized using 'CodeIgniter\Session\Handlers\DatabaseHandler' driver.
INFO - 2024-11-18 16:14:52 --> Session: Class initialized using 'CodeIgniter\Session\Handlers\DatabaseHandler' driver.
INFO - 2024-11-18 16:14:52 --> CSRF token verified.
INFO - 2024-11-18 16:14:55 --> Session: Class initialized using 'CodeIgniter\Session\Handlers\DatabaseHandler' driver.
INFO - 2024-11-18 16:14:56 --> Session: Class initialized using 'CodeIgniter\Session\Handlers\DatabaseHandler' driver.
INFO - 2024-11-18 16:14:56 --> CSRF token verified.
INFO - 2024-11-18 16:15:08 --> Session: Class initialized using 'CodeIgniter\Session\Handlers\DatabaseHandler' driver.
INFO - 2024-11-18 16:15:08 --> CSRF token verified.
INFO - 2024-11-18 16:15:13 --> Session: Class initialized using 'CodeIgniter\Session\Handlers\DatabaseHandler' driver.
INFO - 2024-11-18 16:15:13 --> CSRF token verified.
INFO - 2024-11-18 16:15:23 --> Session: Class initialized using 'CodeIgniter\Session\Handlers\DatabaseHandler' driver.
INFO - 2024-11-18 16:15:23 --> Session: Class initialized using 'CodeIgniter\Session\Handlers\DatabaseHandler' driver.
INFO - 2024-11-18 16:15:23 --> CSRF token verified.
INFO - 2024-11-18 16:15:58 --> Session: Class initialized using 'CodeIgniter\Session\Handlers\DatabaseHandler' driver.
INFO - 2024-11-18 16:15:58 --> CSRF token verified.
INFO - 2024-11-18 16:15:58 --> Session: Class initialized using 'CodeIgniter\Session\Handlers\DatabaseHandler' driver.
INFO - 2024-11-18 16:15:59 --> Session: Class initialized using 'CodeIgniter\Session\Handlers\DatabaseHandler' driver.
INFO - 2024-11-18 16:15:59 --> CSRF token verified.
INFO - 2024-11-18 16:16:41 --> Session: Class initialized using 'CodeIgniter\Session\Handlers\DatabaseHandler' driver.
INFO - 2024-11-18 16:16:41 --> CSRF token verified.
INFO - 2024-11-18 16:16:42 --> Session: Class initialized using 'CodeIgniter\Session\Handlers\DatabaseHandler' driver.
INFO - 2024-11-18 16:16:42 --> Session: Class initialized using 'CodeIgniter\Session\Handlers\DatabaseHandler' driver.
INFO - 2024-11-18 16:16:42 --> CSRF token verified.
INFO - 2024-11-18 16:16:50 --> Session: Class initialized using 'CodeIgniter\Session\Handlers\DatabaseHandler' driver.
INFO - 2024-11-18 16:16:50 --> CSRF token verified.
INFO - 2024-11-18 16:16:58 --> Session: Class initialized using 'CodeIgniter\Session\Handlers\DatabaseHandler' driver.
INFO - 2024-11-18 16:16:58 --> CSRF token verified.
INFO - 2024-11-18 16:16:59 --> Session: Class initialized using 'CodeIgniter\Session\Handlers\DatabaseHandler' driver.
INFO - 2024-11-18 16:16:59 --> Session: Class initialized using 'CodeIgniter\Session\Handlers\DatabaseHandler' driver.
INFO - 2024-11-18 16:16:59 --> CSRF token verified.
INFO - 2024-11-18 16:17:07 --> Session: Class initialized using 'CodeIgniter\Session\Handlers\DatabaseHandler' driver.
INFO - 2024-11-18 16:17:07 --> Session: Class initialized using 'CodeIgniter\Session\Handlers\DatabaseHandler' driver.
INFO - 2024-11-18 16:17:07 --> CSRF token verified.
INFO - 2024-11-18 16:17:39 --> Session: Class initialized using 'CodeIgniter\Session\Handlers\DatabaseHandler' driver.
INFO - 2024-11-18 16:17:39 --> CSRF token verified.
INFO - 2024-11-18 16:17:49 --> Session: Class initialized using 'CodeIgniter\Session\Handlers\DatabaseHandler' driver.
INFO - 2024-11-18 16:17:49 --> CSRF token verified.
INFO - 2024-11-18 16:17:49 --> Session: Class initialized using 'CodeIgniter\Session\Handlers\DatabaseHandler' driver.
INFO - 2024-11-18 16:17:50 --> Session: Class initialized using 'CodeIgniter\Session\Handlers\DatabaseHandler' driver.
INFO - 2024-11-18 16:17:50 --> CSRF token verified.
INFO - 2024-11-18 16:17:55 --> Session: Class initialized using 'CodeIgniter\Session\Handlers\DatabaseHandler' driver.
INFO - 2024-11-18 16:17:55 --> Session: Class initialized using 'CodeIgniter\Session\Handlers\DatabaseHandler' driver.
INFO - 2024-11-18 16:17:55 --> CSRF token verified.
INFO - 2024-11-18 16:17:59 --> Session: Class initialized using 'CodeIgniter\Session\Handlers\DatabaseHandler' driver.
INFO - 2024-11-18 16:17:59 --> CSRF token verified.
INFO - 2024-11-18 16:18:01 --> Session: Class initialized using 'CodeIgniter\Session\Handlers\DatabaseHandler' driver.
INFO - 2024-11-18 16:18:01 --> CSRF token verified.
INFO - 2024-11-18 16:20:25 --> Session: Class initialized using 'CodeIgniter\Session\Handlers\DatabaseHandler' driver.
INFO - 2024-11-18 16:20:58 --> Session: Class initialized using 'CodeIgniter\Session\Handlers\DatabaseHandler' driver.
INFO - 2024-11-18 16:20:59 --> Session: Class initialized using 'CodeIgniter\Session\Handlers\DatabaseHandler' driver.
INFO - 2024-11-18 16:20:59 --> CSRF token verified.
INFO - 2024-11-18 16:21:08 --> Session: Class initialized using 'CodeIgniter\Session\Handlers\DatabaseHandler' driver.
INFO - 2024-11-18 16:21:08 --> Session: Class initialized using 'CodeIgniter\Session\Handlers\DatabaseHandler' driver.
INFO - 2024-11-18 16:21:08 --> CSRF token verified.
INFO - 2024-11-18 16:23:23 --> Session: Class initialized using 'CodeIgniter\Session\Handlers\DatabaseHandler' driver.
INFO - 2024-11-18 16:25:32 --> Session: Class initialized using 'CodeIgniter\Session\Handlers\DatabaseHandler' driver.
INFO - 2024-11-18 16:30:19 --> Session: Class initialized using 'CodeIgniter\Session\Handlers\DatabaseHandler' driver.
INFO - 2024-11-18 16:30:19 --> Session: Class initialized using 'CodeIgniter\Session\Handlers\DatabaseHandler' driver.
INFO - 2024-11-18 16:30:19 --> CSRF token verified.
INFO - 2024-11-18 16:30:51 --> Session: Class initialized using 'CodeIgniter\Session\Handlers\DatabaseHandler' driver.
INFO - 2024-11-18 16:30:51 --> Session: Class initialized using 'CodeIgniter\Session\Handlers\DatabaseHandler' driver.
INFO - 2024-11-18 16:30:51 --> CSRF token verified.
INFO - 2024-11-18 16:30:59 --> Session: Class initialized using 'CodeIgniter\Session\Handlers\DatabaseHandler' driver.
INFO - 2024-11-18 16:30:59 --> CSRF token verified.
INFO - 2024-11-18 16:31:16 --> Session: Class initialized using 'CodeIgniter\Session\Handlers\DatabaseHandler' driver.
INFO - 2024-11-18 16:31:16 --> CSRF token verified.
INFO - 2024-11-18 16:31:19 --> Session: Class initialized using 'CodeIgniter\Session\Handlers\DatabaseHandler' driver.
INFO - 2024-11-18 16:31:19 --> CSRF token verified.
INFO - 2024-11-18 16:37:30 --> Session: Class initialized using 'CodeIgniter\Session\Handlers\DatabaseHandler' driver.
INFO - 2024-11-18 16:43:22 --> Session: Class initialized using 'CodeIgniter\Session\Handlers\DatabaseHandler' driver.
INFO - 2024-11-18 16:44:07 --> Session: Class initialized using 'CodeIgniter\Session\Handlers\DatabaseHandler' driver.
INFO - 2024-11-18 16:44:07 --> Session: Class initialized using 'CodeIgniter\Session\Handlers\DatabaseHandler' driver.
INFO - 2024-11-18 16:44:07 --> CSRF token verified.
INFO - 2024-11-18 16:44:21 --> Session: Class initialized using 'CodeIgniter\Session\Handlers\DatabaseHandler' driver.
INFO - 2024-11-18 16:44:21 --> CSRF token verified.
INFO - 2024-11-18 16:44:22 --> Session: Class initialized using 'CodeIgniter\Session\Handlers\DatabaseHandler' driver.
INFO - 2024-11-18 16:44:22 --> Session: Class initialized using 'CodeIgniter\Session\Handlers\DatabaseHandler' driver.
INFO - 2024-11-18 16:44:22 --> CSRF token verified.
INFO - 2024-11-18 16:44:25 --> Session: Class initialized using 'CodeIgniter\Session\Handlers\DatabaseHandler' driver.
INFO - 2024-11-18 16:44:25 --> Session: Class initialized using 'CodeIgniter\Session\Handlers\DatabaseHandler' driver.
INFO - 2024-11-18 16:44:25 --> CSRF token verified.
INFO - 2024-11-18 16:44:27 --> Session: Class initialized using 'CodeIgniter\Session\Handlers\DatabaseHandler' driver.
INFO - 2024-11-18 16:44:27 --> Session: Class initialized using 'CodeIgniter\Session\Handlers\DatabaseHandler' driver.
INFO - 2024-11-18 16:44:27 --> CSRF token verified.
INFO - 2024-11-18 16:44:36 --> Session: Class initialized using 'CodeIgniter\Session\Handlers\DatabaseHandler' driver.
INFO - 2024-11-18 16:44:36 --> CSRF token verified.
INFO - 2024-11-18 16:44:36 --> Session: Class initialized using 'CodeIgniter\Session\Handlers\DatabaseHandler' driver.
INFO - 2024-11-18 16:44:36 --> Session: Class initialized using 'CodeIgniter\Session\Handlers\DatabaseHandler' driver.
INFO - 2024-11-18 16:44:36 --> CSRF token verified.
INFO - 2024-11-18 16:44:37 --> Session: Class initialized using 'CodeIgniter\Session\Handlers\DatabaseHandler' driver.
INFO - 2024-11-18 16:44:37 --> Session: Class initialized using 'CodeIgniter\Session\Handlers\DatabaseHandler' driver.
INFO - 2024-11-18 16:44:37 --> CSRF token verified.
INFO - 2024-11-18 16:44:42 --> Session: Class initialized using 'CodeIgniter\Session\Handlers\DatabaseHandler' driver.
INFO - 2024-11-18 16:44:43 --> Session: Class initialized using 'CodeIgniter\Session\Handlers\DatabaseHandler' driver.
INFO - 2024-11-18 16:44:43 --> CSRF token verified.
INFO - 2024-11-18 16:44:47 --> Session: Class initialized using 'CodeIgniter\Session\Handlers\DatabaseHandler' driver.
INFO - 2024-11-18 16:44:47 --> CSRF token verified.
INFO - 2024-11-18 16:44:47 --> Session: Class initialized using 'CodeIgniter\Session\Handlers\DatabaseHandler' driver.
INFO - 2024-11-18 16:44:47 --> Session: Class initialized using 'CodeIgniter\Session\Handlers\DatabaseHandler' driver.
INFO - 2024-11-18 16:44:47 --> CSRF token verified.
INFO - 2024-11-18 16:44:52 --> Session: Class initialized using 'CodeIgniter\Session\Handlers\DatabaseHandler' driver.
INFO - 2024-11-18 16:44:52 --> Session: Class initialized using 'CodeIgniter\Session\Handlers\DatabaseHandler' driver.
INFO - 2024-11-18 16:44:52 --> CSRF token verified.
INFO - 2024-11-18 16:44:57 --> Session: Class initialized using 'CodeIgniter\Session\Handlers\DatabaseHandler' driver.
INFO - 2024-11-18 16:44:57 --> CSRF token verified.
INFO - 2024-11-18 16:44:59 --> Session: Class initialized using 'CodeIgniter\Session\Handlers\DatabaseHandler' driver.
INFO - 2024-11-18 16:44:59 --> CSRF token verified.
INFO - 2024-11-18 16:45:10 --> Session: Class initialized using 'CodeIgniter\Session\Handlers\DatabaseHandler' driver.
INFO - 2024-11-18 16:45:10 --> CSRF token verified.
INFO - 2024-11-18 16:45:10 --> Session: Class initialized using 'CodeIgniter\Session\Handlers\DatabaseHandler' driver.
INFO - 2024-11-18 16:45:10 --> Session: Class initialized using 'CodeIgniter\Session\Handlers\DatabaseHandler' driver.
INFO - 2024-11-18 16:45:10 --> CSRF token verified.
INFO - 2024-11-18 16:48:55 --> Session: Class initialized using 'CodeIgniter\Session\Handlers\DatabaseHandler' driver.
INFO - 2024-11-18 16:49:26 --> Session: Class initialized using 'CodeIgniter\Session\Handlers\DatabaseHandler' driver.
INFO - 2024-11-18 16:49:27 --> Session: Class initialized using 'CodeIgniter\Session\Handlers\DatabaseHandler' driver.
INFO - 2024-11-18 16:49:27 --> CSRF token verified.
INFO - 2024-11-18 16:50:38 --> Session: Class initialized using 'CodeIgniter\Session\Handlers\DatabaseHandler' driver.
INFO - 2024-11-18 16:50:38 --> Session: Class initialized using 'CodeIgniter\Session\Handlers\DatabaseHandler' driver.
INFO - 2024-11-18 16:50:38 --> CSRF token verified.
INFO - 2024-11-18 16:50:59 --> Session: Class initialized using 'CodeIgniter\Session\Handlers\DatabaseHandler' driver.
INFO - 2024-11-18 16:50:59 --> Session: Class initialized using 'CodeIgniter\Session\Handlers\DatabaseHandler' driver.
INFO - 2024-11-18 16:50:59 --> CSRF token verified.
INFO - 2024-11-18 16:51:06 --> Session: Class initialized using 'CodeIgniter\Session\Handlers\DatabaseHandler' driver.
INFO - 2024-11-18 16:51:06 --> Session: Class initialized using 'CodeIgniter\Session\Handlers\DatabaseHandler' driver.
INFO - 2024-11-18 16:51:06 --> CSRF token verified.
INFO - 2024-11-18 16:51:50 --> Session: Class initialized using 'CodeIgniter\Session\Handlers\DatabaseHandler' driver.
INFO - 2024-11-18 16:51:50 --> Session: Class initialized using 'CodeIgniter\Session\Handlers\DatabaseHandler' driver.
INFO - 2024-11-18 16:51:50 --> CSRF token verified.
INFO - 2024-11-18 16:52:21 --> Session: Class initialized using 'CodeIgniter\Session\Handlers\DatabaseHandler' driver.
INFO - 2024-11-18 16:54:53 --> Session: Class initialized using 'CodeIgniter\Session\Handlers\DatabaseHandler' driver.
INFO - 2024-11-18 16:55:37 --> Session: Class initialized using 'CodeIgniter\Session\Handlers\DatabaseHandler' driver.
INFO - 2024-11-18 16:56:07 --> Session: Class initialized using 'CodeIgniter\Session\Handlers\DatabaseHandler' driver.
INFO - 2024-11-18 16:57:24 --> Session: Class initialized using 'CodeIgniter\Session\Handlers\DatabaseHandler' driver.
INFO - 2024-11-18 16:59:47 --> Session: Class initialized using 'CodeIgniter\Session\Handlers\DatabaseHandler' driver.
INFO - 2024-11-18 17:00:23 --> Session: Class initialized using 'CodeIgniter\Session\Handlers\DatabaseHandler' driver.
INFO - 2024-11-18 17:01:08 --> Session: Class initialized using 'CodeIgniter\Session\Handlers\DatabaseHandler' driver.
INFO - 2024-11-18 17:01:56 --> Session: Class initialized using 'CodeIgniter\Session\Handlers\DatabaseHandler' driver.
INFO - 2024-11-18 17:01:56 --> Session: Class initialized using 'CodeIgniter\Session\Handlers\DatabaseHandler' driver.
INFO - 2024-11-18 17:01:56 --> CSRF token verified.
INFO - 2024-11-18 17:01:58 --> Session: Class initialized using 'CodeIgniter\Session\Handlers\DatabaseHandler' driver.
INFO - 2024-11-18 17:01:58 --> Session: Class initialized using 'CodeIgniter\Session\Handlers\DatabaseHandler' driver.
INFO - 2024-11-18 17:01:58 --> CSRF token verified.
INFO - 2024-11-18 17:02:11 --> Session: Class initialized using 'CodeIgniter\Session\Handlers\DatabaseHandler' driver.
INFO - 2024-11-18 17:02:11 --> Session: Class initialized using 'CodeIgniter\Session\Handlers\DatabaseHandler' driver.
INFO - 2024-11-18 17:02:11 --> CSRF token verified.
INFO - 2024-11-18 17:02:12 --> Session: Class initialized using 'CodeIgniter\Session\Handlers\DatabaseHandler' driver.
INFO - 2024-11-18 17:02:12 --> CSRF token verified.
INFO - 2024-11-18 17:02:14 --> Session: Class initialized using 'CodeIgniter\Session\Handlers\DatabaseHandler' driver.
INFO - 2024-11-18 17:02:14 --> Session: Class initialized using 'CodeIgniter\Session\Handlers\DatabaseHandler' driver.
INFO - 2024-11-18 17:02:14 --> CSRF token verified.
INFO - 2024-11-18 17:20:42 --> Session: Class initialized using 'CodeIgniter\Session\Handlers\DatabaseHandler' driver.
INFO - 2024-11-18 17:20:42 --> Session: Class initialized using 'CodeIgniter\Session\Handlers\DatabaseHandler' driver.
INFO - 2024-11-18 17:20:42 --> CSRF token verified.
